<?xml version="1.0" encoding="UTF-8"?>
<!-- Generated by org.testng.reporters.JUnitReportReporter -->
<testsuite hostname="SnehaPriya" failures="0" tests="1" name="testcases.LoginTest" time="3.433" errors="0" timestamp="2024-11-25T01:07:35 IST" skipped="0">
  <testcase classname="testcases.LoginTest" name="validLoginTest" time="3.433"/>
  <system-out/>
</testsuite> <!-- testcases.LoginTest -->
